<?xml version="1.0" encoding="UTF-8"?>
<!-- Generated by org.testng.reporters.JUnitReportReporter -->
<testsuite hostname="LAPTOP-NTNOL46I" failures="0" tests="3" name="Tests.SubmitOrderTest" time="14.898" errors="0" timestamp="2024-08-08T16:31:56 IST" skipped="0">
  <testcase classname="Tests.SubmitOrderTest" name="submitOrder" time="4.894"/>
  <system-out/>
  <testcase classname="Tests.SubmitOrderTest" name="submitOrder" time="5.848"/>
  <system-out/>
  <testcase classname="Tests.SubmitOrderTest" name="OrderHistroryTest" time="4.156"/>
  <system-out/>
</testsuite> <!-- Tests.SubmitOrderTest -->
