<?xml version="1.0" encoding="UTF-8"?>
<!-- Generated by org.testng.reporters.JUnitReportReporter -->
<testsuite hostname="LAPTOP-NTNOL46I" failures="0" tests="1" name="Cucumber.TestNGTestRunner" time="5.565" errors="0" timestamp="2024-08-09T16:43:22 IST" skipped="0">
  <testcase classname="Cucumber.TestNGTestRunner" name="runScenario" time="5.565"/>
  <system-out/>
</testsuite> <!-- Cucumber.TestNGTestRunner -->
