<?xml version="1.0" encoding="UTF-8"?>
<!-- Generated by org.testng.reporters.JUnitReportReporter -->
<testsuite hostname="LAPTOP-NTNOL46I" failures="0" tests="1" name="Tests.VerifyErrorMessage" time="3.715" errors="0" timestamp="2024-08-08T16:31:56 IST" skipped="0">
  <testcase classname="Tests.VerifyErrorMessage" name="VerifyIncorrectEmailTest" time="3.715"/>
  <system-out/>
</testsuite> <!-- Tests.VerifyErrorMessage -->
