<?xml version="1.0" encoding="UTF-8"?>
<!-- Generated by org.testng.reporters.JUnitReportReporter -->
<testsuite hostname="LAPTOP-NTNOL46I" failures="0" tests="3" name="Tests.SubmitOrderTest" time="14.998" errors="0" timestamp="2024-08-08T15:40:10 IST" skipped="0">
  <testcase classname="Tests.SubmitOrderTest" name="submitOrder" time="7.310"/>
  <testcase classname="Tests.SubmitOrderTest" name="OrderHistroryTest" time="3.052"/>
  <testcase classname="Tests.SubmitOrderTest" name="submitOrder" time="4.636"/>
</testsuite> <!-- Tests.SubmitOrderTest -->
